2024-02-08 13:02:03,038 - apscheduler.scheduler - INFO - Adding job tentatively -- it will be properly scheduled when the scheduler starts
2024-02-08 13:02:03,038 - apscheduler.scheduler - INFO - Adding job tentatively -- it will be properly scheduled when the scheduler starts
2024-02-08 13:02:03,038 - apscheduler.scheduler - INFO - Added job "get_headlines" to job store "default"
2024-02-08 13:02:03,038 - apscheduler.scheduler - INFO - Added job "fetch_data_by_keywords" to job store "default"
2024-02-08 13:02:03,038 - apscheduler.scheduler - INFO - Scheduler started
2024-02-08 13:02:03,039 - __main__ - INFO - Scheduler started. Fetching hourly news and daily keyword data.
2024-02-08 13:02:03,039 - apscheduler.executors.default - INFO - Running job "get_headlines (trigger: interval[1:00:00], next run at: 2024-02-08 13:02:03 UTC)" (scheduled at 2024-02-08 13:02:03.037967+00:00)
2024-02-08 13:02:05,407 - __main__ - INFO - Successfully fetched 41 headline articles.
2024-02-08 13:02:05,414 - __main__ - INFO - Created new CSV file and saved data.
2024-02-08 13:02:05,414 - __main__ - INFO - Total API calls so far: 1
2024-02-08 13:02:05,415 - apscheduler.executors.default - INFO - Job "get_headlines (trigger: interval[1:00:00], next run at: 2024-02-08 14:02:03 UTC)" executed successfully
2024-02-08 13:02:33,038 - apscheduler.executors.default - INFO - Running job "fetch_data_by_keywords (trigger: interval[1 day, 0:00:00], next run at: 2024-02-09 13:02:33 UTC)" (scheduled at 2024-02-08 13:02:33.038364+00:00)
2024-02-08 13:02:35,462 - __main__ - INFO - Keyword 'supply chain' has 42 articles
2024-02-08 13:02:35,468 - __main__ - INFO - Data for keyword 'supply chain' appended to ./data/newscatcher_df.csv
2024-02-08 13:02:35,468 - __main__ - INFO - Total API calls so far: 2
2024-02-08 13:02:37,973 - __main__ - INFO - Keyword 'job crisis' has 30 articles
2024-02-08 13:02:37,978 - __main__ - INFO - Data for keyword 'job crisis' appended to ./data/newscatcher_df.csv
2024-02-08 13:02:37,978 - __main__ - INFO - Total API calls so far: 3
2024-02-08 13:02:40,388 - __main__ - INFO - Keyword 'health and safety' has 47 articles
2024-02-08 13:02:40,394 - __main__ - INFO - Data for keyword 'health and safety' appended to ./data/newscatcher_df.csv
2024-02-08 13:02:40,394 - __main__ - INFO - Total API calls so far: 4
2024-02-08 13:02:42,687 - __main__ - INFO - Keyword 'cyber attacks' has 7 articles
2024-02-08 13:02:42,689 - __main__ - INFO - Data for keyword 'cyber attacks' appended to ./data/newscatcher_df.csv
2024-02-08 13:02:42,689 - __main__ - INFO - Total API calls so far: 5
2024-02-08 13:02:44,973 - __main__ - INFO - Keyword 'cyber security' has 12 articles
2024-02-08 13:02:44,976 - __main__ - INFO - Data for keyword 'cyber security' appended to ./data/newscatcher_df.csv
2024-02-08 13:02:44,976 - __main__ - INFO - Total API calls so far: 6
2024-02-08 13:02:47,358 - __main__ - INFO - Keyword 'layoffs' has 28 articles
2024-02-08 13:02:47,362 - __main__ - INFO - Data for keyword 'layoffs' appended to ./data/newscatcher_df.csv
2024-02-08 13:02:47,362 - __main__ - INFO - Total API calls so far: 7
2024-02-08 13:02:49,657 - __main__ - INFO - Keyword 'economic instability' has 3 articles
2024-02-08 13:02:49,659 - __main__ - INFO - Data for keyword 'economic instability' appended to ./data/newscatcher_df.csv
2024-02-08 13:02:49,659 - __main__ - INFO - Total API calls so far: 8
2024-02-08 13:02:58,785 - __main__ - INFO - Keyword 'war' has 259 articles
2024-02-08 13:02:58,807 - __main__ - INFO - Data for keyword 'war' appended to ./data/newscatcher_df.csv
2024-02-08 13:02:58,807 - __main__ - INFO - Total API calls so far: 11
2024-02-08 13:03:04,577 - __main__ - INFO - Keyword 'unemployment' has 15 articles
2024-02-08 13:03:04,580 - __main__ - INFO - Data for keyword 'unemployment' appended to ./data/newscatcher_df.csv
2024-02-08 13:03:04,580 - __main__ - INFO - Total API calls so far: 12
2024-02-08 13:03:07,254 - __main__ - INFO - Keyword 'health crisis' has 46 articles
2024-02-08 13:03:07,260 - __main__ - INFO - Data for keyword 'health crisis' appended to ./data/newscatcher_df.csv
2024-02-08 13:03:07,260 - __main__ - INFO - Total API calls so far: 13
2024-02-08 13:03:10,212 - __main__ - INFO - Keyword 'cybersecurity risk' has 11 articles
2024-02-08 13:03:10,214 - __main__ - INFO - Data for keyword 'cybersecurity risk' appended to ./data/newscatcher_df.csv
2024-02-08 13:03:10,214 - __main__ - INFO - Total API calls so far: 14
2024-02-08 13:03:12,550 - __main__ - INFO - Keyword 'economic crisis' has 31 articles
2024-02-08 13:03:12,554 - __main__ - INFO - Data for keyword 'economic crisis' appended to ./data/newscatcher_df.csv
2024-02-08 13:03:12,554 - __main__ - INFO - Total API calls so far: 15
2024-02-08 13:03:17,667 - __main__ - INFO - Keyword 'economy' has 140 articles
2024-02-08 13:03:17,682 - __main__ - INFO - Data for keyword 'economy' appended to ./data/newscatcher_df.csv
2024-02-08 13:03:17,682 - __main__ - INFO - Total API calls so far: 17
2024-02-08 13:03:20,016 - __main__ - INFO - Keyword 'supply chain crisis' has 5 articles
2024-02-08 13:03:20,018 - __main__ - INFO - Data for keyword 'supply chain crisis' appended to ./data/newscatcher_df.csv
2024-02-08 13:03:20,018 - __main__ - INFO - Total API calls so far: 18
2024-02-08 13:03:22,493 - __main__ - INFO - Keyword 'living crisis' has 76 articles
2024-02-08 13:03:22,504 - __main__ - INFO - Data for keyword 'living crisis' appended to ./data/newscatcher_df.csv
2024-02-08 13:03:22,504 - __main__ - INFO - Total API calls so far: 19
2024-02-08 13:03:22,505 - apscheduler.executors.default - INFO - Job "fetch_data_by_keywords (trigger: interval[1 day, 0:00:00], next run at: 2024-02-09 13:02:33 UTC)" executed successfully
2024-02-08 14:02:03,038 - apscheduler.executors.default - INFO - Running job "get_headlines (trigger: interval[1:00:00], next run at: 2024-02-08 15:02:03 UTC)" (scheduled at 2024-02-08 14:02:03.037967+00:00)
2024-02-08 14:02:05,504 - __main__ - INFO - Successfully fetched 28 headline articles.
2024-02-08 14:02:05,508 - __main__ - INFO - Appended new data to existing CSV file.
2024-02-08 14:02:05,508 - __main__ - INFO - Total API calls so far: 20
2024-02-08 14:02:05,509 - apscheduler.executors.default - INFO - Job "get_headlines (trigger: interval[1:00:00], next run at: 2024-02-08 15:02:03 UTC)" executed successfully
2024-02-08 15:02:03,038 - apscheduler.executors.default - INFO - Running job "get_headlines (trigger: interval[1:00:00], next run at: 2024-02-08 16:02:03 UTC)" (scheduled at 2024-02-08 15:02:03.037967+00:00)
2024-02-08 15:02:05,379 - __main__ - INFO - Successfully fetched 31 headline articles.
2024-02-08 15:02:05,383 - __main__ - INFO - Appended new data to existing CSV file.
2024-02-08 15:02:05,383 - __main__ - INFO - Total API calls so far: 21
2024-02-08 15:02:05,384 - apscheduler.executors.default - INFO - Job "get_headlines (trigger: interval[1:00:00], next run at: 2024-02-08 16:02:03 UTC)" executed successfully
